<?xml version="1.0" encoding="UTF-8"?>
<!-- Generated by org.testng.reporters.JUnitReportReporter -->
<testsuite hostname="DESKTOP-FI0PBCA" name="org.appium.Caltestng" tests="4" failures="0" timestamp="3 Feb 2023 14:21:16 GMT" time="6.449" errors="0">
  <testcase name="tc4" time="2.288" classname="org.appium.Caltestng"/>
  <testcase name="tc2" time="0.872" classname="org.appium.Caltestng"/>
  <testcase name="tc3" time="0.912" classname="org.appium.Caltestng"/>
  <testcase name="tc1" time="2.377" classname="org.appium.Caltestng"/>
</testsuite> <!-- org.appium.Caltestng -->
