<?xml version="1.0" encoding="UTF-8"?>
<!-- Generated by org.testng.reporters.JUnitReportReporter -->
<testsuite hostname="DESKTOP-FI0PBCA" name="org.appium.Contact" tests="1" failures="0" timestamp="3 Feb 2023 13:44:05 GMT" time="34.313" errors="0">
  <testcase name="tc1" time="34.313" classname="org.appium.Contact"/>
</testsuite> <!-- org.appium.Contact -->
